<?xml version="1.0" encoding="UTF-8"?>
<!-- Generated by org.testng.reporters.JUnitReportReporter -->
<testsuite skipped="0" hostname="ITINBAI-DW0248" name="splunk.splunk_automation.DriverTest" tests="1" failures="0" timestamp="2019-11-14T10:29:28 CET" time="33.087" errors="0">
  <testcase name="Code" time="33.087" classname="splunk.splunk_automation.DriverTest"/>
</testsuite> <!-- splunk.splunk_automation.DriverTest -->
