<?xml version="1.0" encoding="UTF-8"?>
<!-- Generated by org.testng.reporters.JUnitReportReporter -->
<testsuite hostname="ITINBAI-DW0248" failures="0" tests="1" name="splunk.splunk_automation.testbase" time="354.461" errors="0" timestamp="2019-10-30T08:02:34 CET" skipped="0">
  <testcase classname="splunk.splunk_automation.testbase" name="Code" time="354.461"/>
</testsuite> <!-- splunk.splunk_automation.testbase -->
