<?xml version="1.0" encoding="UTF-8"?>
<!-- Generated by org.testng.reporters.JUnitReportReporter -->
<testsuite skipped="0" hostname="ITINBAI-DW0248" name="splunk.splunk_automation.DriverTest" tests="1" failures="0" timestamp="2019-11-13T19:35:19 CET" time="370.770" errors="0">
  <testcase name="Code" time="370.770" classname="splunk.splunk_automation.DriverTest"/>
</testsuite> <!-- splunk.splunk_automation.DriverTest -->
