<?xml version="1.0" encoding="UTF-8"?>
<!-- Generated by org.testng.reporters.JUnitReportReporter -->
<testsuite skipped="0" hostname="ITINBAI-DW0248" name="splunk.splunk_automation.DriverTest" tests="1" failures="0" timestamp="2019-11-01T08:11:40 CET" time="309.638" errors="0">
  <testcase name="Code" time="309.638" classname="splunk.splunk_automation.DriverTest"/>
</testsuite> <!-- splunk.splunk_automation.DriverTest -->
